#! /usr/bin/vvp
:ivl_version "10.3 (stable)";
:ivl_delay_selection "TYPICAL";
:vpi_time_precision + 0;
:vpi_module "system";
:vpi_module "vhdl_sys";
:vpi_module "v2005_math";
:vpi_module "va_math";
S_0xaaaaf1c06270 .scope module, "tb" "tb" 2 3;
 .timescale 0 0;
v0xaaaaf1c3d590_0 .var "clki", 0 0;
v0xaaaaf1c3d650_0 .net "led", 0 0, L_0xaaaaf1c0d8e0;  1 drivers
v0xaaaaf1c3d710_0 .net "oled_clk", 0 0, L_0xaaaaf1c4e1f0;  1 drivers
v0xaaaaf1c3d830_0 .net "oled_csn", 0 0, L_0xaaaaf1c4e100;  1 drivers
v0xaaaaf1c3d920_0 .net "oled_dc", 0 0, L_0xaaaaf1c0d9b0;  1 drivers
v0xaaaaf1c3da60_0 .net "oled_mosi", 0 0, L_0xaaaaf1c4e290;  1 drivers
v0xaaaaf1c3db50_0 .net "oled_resn", 0 0, L_0xaaaaf1c0dd20;  1 drivers
S_0xaaaaf1c04380 .scope module, "dut" "top_checkered" 2 26, 3 1 0, S_0xaaaaf1c06270;
 .timescale 0 0;
    .port_info 0 /INPUT 1 "clki"
    .port_info 1 /OUTPUT 1 "oled_csn"
    .port_info 2 /OUTPUT 1 "oled_clk"
    .port_info 3 /OUTPUT 1 "oled_mosi"
    .port_info 4 /OUTPUT 1 "oled_dc"
    .port_info 5 /OUTPUT 1 "oled_resn"
    .port_info 6 /OUTPUT 1 "led"
L_0xaaaaf1c0b9f0 .functor XOR 1, L_0xaaaaf1c3dc40, L_0xaaaaf1c3dce0, C4<0>, C4<0>;
L_0xaaaaf1c0d8e0 .functor BUFZ 1, L_0xaaaaf1c0dd20, C4<0>, C4<0>, C4<0>;
v0xaaaaf1c3c8f0_0 .net *"_s1", 0 0, L_0xaaaaf1c3dc40;  1 drivers
L_0xffffb53cd0f0 .functor BUFT 1, C4<0>, C4<0>, C4<0>, C4<0>;
v0xaaaaf1c3c9f0_0 .net *"_s19", 0 0, L_0xffffb53cd0f0;  1 drivers
v0xaaaaf1c3cad0_0 .net *"_s3", 0 0, L_0xaaaaf1c3dce0;  1 drivers
v0xaaaaf1c3cb90_0 .net *"_s4", 0 0, L_0xaaaaf1c0b9f0;  1 drivers
L_0xffffb53cd018 .functor BUFT 1, C4<0000011111100000>, C4<0>, C4<0>, C4<0>;
v0xaaaaf1c3cc70_0 .net/2u *"_s6", 15 0, L_0xffffb53cd018;  1 drivers
L_0xffffb53cd060 .functor BUFT 1, C4<1111100000000000>, C4<0>, C4<0>, C4<0>;
v0xaaaaf1c3cd50_0 .net/2u *"_s8", 15 0, L_0xffffb53cd060;  1 drivers
v0xaaaaf1c3ce30_0 .net "clki", 0 0, v0xaaaaf1c3d590_0;  1 drivers
v0xaaaaf1c3ced0_0 .net "color", 15 0, L_0xaaaaf1c4de30;  1 drivers
v0xaaaaf1c3cf70_0 .net "led", 0 0, L_0xaaaaf1c0d8e0;  alias, 1 drivers
v0xaaaaf1c3d010_0 .net "oled_clk", 0 0, L_0xaaaaf1c4e1f0;  alias, 1 drivers
v0xaaaaf1c3d0b0_0 .net "oled_csn", 0 0, L_0xaaaaf1c4e100;  alias, 1 drivers
v0xaaaaf1c3d150_0 .net "oled_dc", 0 0, L_0xaaaaf1c0d9b0;  alias, 1 drivers
v0xaaaaf1c3d1f0_0 .net "oled_mosi", 0 0, L_0xaaaaf1c4e290;  alias, 1 drivers
v0xaaaaf1c3d2c0_0 .net "oled_resn", 0 0, L_0xaaaaf1c0dd20;  alias, 1 drivers
v0xaaaaf1c3d390_0 .net "x", 6 0, L_0xaaaaf1c4e710;  1 drivers
v0xaaaaf1c3d430_0 .net "y", 7 0, L_0xaaaaf1c4e830;  1 drivers
L_0xaaaaf1c3dc40 .part L_0xaaaaf1c4e710, 3, 1;
L_0xaaaaf1c3dce0 .part L_0xaaaaf1c4e830, 3, 1;
L_0xaaaaf1c4de30 .functor MUXZ 16, L_0xffffb53cd060, L_0xffffb53cd018, L_0xaaaaf1c0b9f0, C4<>;
L_0xaaaaf1c4e710 .part v0xaaaaf1c3c5f0_0, 0, 7;
L_0xaaaaf1c4e830 .concat [ 7 1 0 0], v0xaaaaf1c3c6d0_0, L_0xffffb53cd0f0;
S_0xaaaaf1bfa290 .scope module, "oled_video_inst" "oled_video" 3 19, 4 1 0, S_0xaaaaf1c04380;
 .timescale 0 0;
    .port_info 0 /INPUT 1 "clk"
    .port_info 1 /OUTPUT 8 "x"
    .port_info 2 /OUTPUT 7 "y"
    .port_info 3 /OUTPUT 1 "next_pixel"
    .port_info 4 /INPUT 16 "color"
    .port_info 5 /OUTPUT 1 "oled_csn"
    .port_info 6 /OUTPUT 1 "oled_clk"
    .port_info 7 /OUTPUT 1 "oled_mosi"
    .port_info 8 /OUTPUT 1 "oled_dc"
    .port_info 9 /OUTPUT 1 "oled_resn"
P_0xaaaaf1c03e10 .param/l "C_color_bits" 1 4 20, +C4<00000000000000000000000000010000>;
P_0xaaaaf1c03e50 .param/str "C_init_file" 0 4 4, "st7735_init.mem";
P_0xaaaaf1c03e90 .param/l "C_init_size" 0 4 5, +C4<00000000000000000000000001101110>;
P_0xaaaaf1c03ed0 .param/l "C_x_bits" 1 4 23, +C4<00000000000000000000000000001000>;
P_0xaaaaf1c03f10 .param/l "C_x_size" 1 4 21, +C4<00000000000000000000000010100000>;
P_0xaaaaf1c03f50 .param/l "C_y_bits" 1 4 24, +C4<00000000000000000000000000000111>;
P_0xaaaaf1c03f90 .param/l "C_y_size" 1 4 22, +C4<00000000000000000000000001010000>;
P_0xaaaaf1c03fd0 .param/l "ms_cycles" 1 4 26, +C4<00000000000000000110000110101000>;
L_0xaaaaf1c0dd20 .functor NOT 1, L_0xaaaaf1c4e060, C4<0>, C4<0>, C4<0>;
L_0xaaaaf1c0d9b0 .functor BUFZ 1, v0xaaaaf1c3b9f0_0, C4<0>, C4<0>, C4<0>;
L_0xaaaaf1c0df40 .functor BUFZ 8, L_0xaaaaf1c4e360, C4<00000000>, C4<00000000>, C4<00000000>;
v0xaaaaf1c05720 .array "C_oled_init", 109 0, 7 0;
v0xaaaaf1be3c80_0 .net *"_s1", 0 0, L_0xaaaaf1c4e060;  1 drivers
v0xaaaaf1c3b220_0 .net *"_s12", 7 0, L_0xaaaaf1c4e360;  1 drivers
v0xaaaaf1c3b2e0_0 .net *"_s15", 6 0, L_0xaaaaf1c4e400;  1 drivers
v0xaaaaf1c3b3c0_0 .net *"_s16", 7 0, L_0xaaaaf1c4e530;  1 drivers
L_0xffffb53cd0a8 .functor BUFT 1, C4<0>, C4<0>, C4<0>, C4<0>;
v0xaaaaf1c3b4f0_0 .net *"_s19", 0 0, L_0xffffb53cd0a8;  1 drivers
v0xaaaaf1c3b5d0_0 .var "arg", 5 0;
v0xaaaaf1c3b6b0_0 .var "byte_toggle", 0 0;
v0xaaaaf1c3b770_0 .net "clk", 0 0, v0xaaaaf1c3d590_0;  alias, 1 drivers
v0xaaaaf1c3b830_0 .net "color", 15 0, L_0xaaaaf1c4de30;  alias, 1 drivers
v0xaaaaf1c3b910_0 .var "data", 7 0;
v0xaaaaf1c3b9f0_0 .var "dc", 0 0;
v0xaaaaf1c3bab0_0 .var "delay_cnt", 24 0;
v0xaaaaf1c3bb90_0 .var "delay_set", 0 0;
v0xaaaaf1c3bc50_0 .var "init", 0 0;
v0xaaaaf1c3bd10_0 .var "init_cnt", 10 0;
v0xaaaaf1c3bdf0_0 .var "last_cmd", 7 0;
v0xaaaaf1c3bed0_0 .net "next_byte", 7 0, L_0xaaaaf1c0df40;  1 drivers
v0xaaaaf1c3bfb0_0 .var "next_pixel", 0 0;
v0xaaaaf1c3c070_0 .var "num_args", 4 0;
v0xaaaaf1c3c150_0 .net "oled_clk", 0 0, L_0xaaaaf1c4e1f0;  alias, 1 drivers
v0xaaaaf1c3c210_0 .net "oled_csn", 0 0, L_0xaaaaf1c4e100;  alias, 1 drivers
v0xaaaaf1c3c2d0_0 .net "oled_dc", 0 0, L_0xaaaaf1c0d9b0;  alias, 1 drivers
v0xaaaaf1c3c390_0 .net "oled_mosi", 0 0, L_0xaaaaf1c4e290;  alias, 1 drivers
v0xaaaaf1c3c450_0 .net "oled_resn", 0 0, L_0xaaaaf1c0dd20;  alias, 1 drivers
v0xaaaaf1c3c510_0 .var "reset_cnt", 1 0;
v0xaaaaf1c3c5f0_0 .var "x", 7 0;
v0xaaaaf1c3c6d0_0 .var "y", 6 0;
E_0xaaaaf1c0d320 .event posedge, v0xaaaaf1c3b770_0;
L_0xaaaaf1c4e060 .part v0xaaaaf1c3c510_0, 0, 1;
L_0xaaaaf1c4e100 .part v0xaaaaf1c3c510_0, 0, 1;
L_0xaaaaf1c4e1f0 .part v0xaaaaf1c3bd10_0, 0, 1;
L_0xaaaaf1c4e290 .part v0xaaaaf1c3b910_0, 7, 1;
L_0xaaaaf1c4e360 .array/port v0xaaaaf1c05720, L_0xaaaaf1c4e530;
L_0xaaaaf1c4e400 .part v0xaaaaf1c3bd10_0, 4, 7;
L_0xaaaaf1c4e530 .concat [ 7 1 0 0], L_0xaaaaf1c4e400, L_0xffffb53cd0a8;
    .scope S_0xaaaaf1bfa290;
T_0 ;
    %vpi_call 4 30 "$readmemh", P_0xaaaaf1c03e50, v0xaaaaf1c05720 {0 0 0};
    %end;
    .thread T_0;
    .scope S_0xaaaaf1bfa290;
T_1 ;
    %pushi/vec4 0, 0, 2;
    %store/vec4 v0xaaaaf1c3c510_0, 0, 2;
    %pushi/vec4 0, 0, 11;
    %store/vec4 v0xaaaaf1c3bd10_0, 0, 11;
    %pushi/vec4 0, 0, 8;
    %store/vec4 v0xaaaaf1c3b910_0, 0, 8;
    %pushi/vec4 0, 0, 1;
    %store/vec4 v0xaaaaf1c3b9f0_0, 0, 1;
    %pushi/vec4 0, 0, 1;
    %store/vec4 v0xaaaaf1c3b6b0_0, 0, 1;
    %pushi/vec4 1, 0, 1;
    %store/vec4 v0xaaaaf1c3bc50_0, 0, 1;
    %pushi/vec4 0, 0, 5;
    %store/vec4 v0xaaaaf1c3c070_0, 0, 5;
    %pushi/vec4 0, 0, 25;
    %store/vec4 v0xaaaaf1c3bab0_0, 0, 25;
    %pushi/vec4 0, 0, 6;
    %store/vec4 v0xaaaaf1c3b5d0_0, 0, 6;
    %pushi/vec4 0, 0, 1;
    %store/vec4 v0xaaaaf1c3bb90_0, 0, 1;
    %end;
    .thread T_1;
    .scope S_0xaaaaf1bfa290;
T_2 ;
    %wait E_0xaaaaf1c0d320;
    %load/vec4 v0xaaaaf1c3c510_0;
    %pad/u 32;
    %cmpi/ne 2, 0, 32;
    %jmp/0xz  T_2.0, 4;
    %load/vec4 v0xaaaaf1c3c510_0;
    %addi 1, 0, 2;
    %assign/vec4 v0xaaaaf1c3c510_0, 0;
    %jmp T_2.1;
T_2.0 ;
    %pushi/vec4 0, 0, 32;
    %load/vec4 v0xaaaaf1c3bab0_0;
    %pad/u 32;
    %cmp/u;
    %jmp/0xz  T_2.2, 5;
    %load/vec4 v0xaaaaf1c3bab0_0;
    %subi 1, 0, 25;
    %assign/vec4 v0xaaaaf1c3bab0_0, 0;
    %jmp T_2.3;
T_2.2 ;
    %load/vec4 v0xaaaaf1c3bd10_0;
    %parti/s 7, 4, 4;
    %pad/u 32;
    %cmpi/ne 110, 0, 32;
    %jmp/0xz  T_2.4, 4;
    %load/vec4 v0xaaaaf1c3bd10_0;
    %addi 1, 0, 11;
    %assign/vec4 v0xaaaaf1c3bd10_0, 0;
    %load/vec4 v0xaaaaf1c3bd10_0;
    %parti/s 4, 0, 2;
    %pad/u 32;
    %cmpi/e 0, 0, 32;
    %jmp/0xz  T_2.6, 4;
    %load/vec4 v0xaaaaf1c3bc50_0;
    %flag_set/vec4 8;
    %jmp/0xz  T_2.8, 8;
    %pushi/vec4 0, 0, 1;
    %assign/vec4 v0xaaaaf1c3b9f0_0, 0;
    %load/vec4 v0xaaaaf1c3b5d0_0;
    %addi 1, 0, 6;
    %assign/vec4 v0xaaaaf1c3b5d0_0, 0;
    %load/vec4 v0xaaaaf1c3b5d0_0;
    %pad/u 32;
    %cmpi/e 0, 0, 32;
    %jmp/0xz  T_2.10, 4;
    %pushi/vec4 0, 0, 8;
    %assign/vec4 v0xaaaaf1c3b910_0, 0;
    %load/vec4 v0xaaaaf1c3bed0_0;
    %assign/vec4 v0xaaaaf1c3bdf0_0, 0;
    %jmp T_2.11;
T_2.10 ;
    %load/vec4 v0xaaaaf1c3b5d0_0;
    %pad/u 32;
    %cmpi/e 1, 0, 32;
    %jmp/0xz  T_2.12, 4;
    %load/vec4 v0xaaaaf1c3bed0_0;
    %parti/s 5, 0, 2;
    %assign/vec4 v0xaaaaf1c3c070_0, 0;
    %load/vec4 v0xaaaaf1c3bed0_0;
    %parti/s 1, 7, 4;
    %assign/vec4 v0xaaaaf1c3bb90_0, 0;
    %load/vec4 v0xaaaaf1c3bed0_0;
    %pad/u 32;
    %cmpi/e 0, 0, 32;
    %jmp/0xz  T_2.14, 4;
    %pushi/vec4 0, 0, 6;
    %assign/vec4 v0xaaaaf1c3b5d0_0, 0;
T_2.14 ;
    %load/vec4 v0xaaaaf1c3bdf0_0;
    %assign/vec4 v0xaaaaf1c3b910_0, 0;
    %jmp T_2.13;
T_2.12 ;
    %load/vec4 v0xaaaaf1c3b5d0_0;
    %pad/u 32;
    %load/vec4 v0xaaaaf1c3c070_0;
    %pad/u 32;
    %addi 1, 0, 32;
    %cmp/u;
    %flag_or 5, 4;
    %jmp/0xz  T_2.16, 5;
    %load/vec4 v0xaaaaf1c3bed0_0;
    %assign/vec4 v0xaaaaf1c3b910_0, 0;
    %pushi/vec4 1, 0, 1;
    %assign/vec4 v0xaaaaf1c3b9f0_0, 0;
    %load/vec4 v0xaaaaf1c3b5d0_0;
    %pad/u 32;
    %load/vec4 v0xaaaaf1c3c070_0;
    %pad/u 32;
    %addi 1, 0, 32;
    %cmp/e;
    %flag_get/vec4 4;
    %load/vec4 v0xaaaaf1c3bb90_0;
    %nor/r;
    %and;
    %flag_set/vec4 8;
    %jmp/0xz  T_2.18, 8;
    %pushi/vec4 0, 0, 6;
    %assign/vec4 v0xaaaaf1c3b5d0_0, 0;
T_2.18 ;
    %jmp T_2.17;
T_2.16 ;
    %load/vec4 v0xaaaaf1c3bb90_0;
    %flag_set/vec4 8;
    %jmp/0xz  T_2.20, 8;
    %load/vec4 v0xaaaaf1c3bed0_0;
    %cmpi/ne 255, 0, 8;
    %jmp/0xz  T_2.22, 4;
    %load/vec4 v0xaaaaf1c3bed0_0;
    %pad/u 32;
    %muli 25000, 0, 32;
    %pad/u 25;
    %assign/vec4 v0xaaaaf1c3bab0_0, 0;
    %jmp T_2.23;
T_2.22 ;
    %pushi/vec4 12500000, 0, 25;
    %assign/vec4 v0xaaaaf1c3bab0_0, 0;
T_2.23 ;
    %pushi/vec4 0, 0, 8;
    %assign/vec4 v0xaaaaf1c3b910_0, 0;
    %pushi/vec4 0, 0, 1;
    %assign/vec4 v0xaaaaf1c3bb90_0, 0;
    %pushi/vec4 0, 0, 6;
    %assign/vec4 v0xaaaaf1c3b5d0_0, 0;
T_2.20 ;
T_2.17 ;
T_2.13 ;
T_2.11 ;
    %jmp T_2.9;
T_2.8 ;
    %load/vec4 v0xaaaaf1c3b6b0_0;
    %inv;
    %assign/vec4 v0xaaaaf1c3b6b0_0, 0;
    %pushi/vec4 1, 0, 1;
    %assign/vec4 v0xaaaaf1c3b9f0_0, 0;
    %load/vec4 v0xaaaaf1c3b6b0_0;
    %flag_set/vec4 8;
    %jmp/0 T_2.24, 8;
    %load/vec4 v0xaaaaf1c3b830_0;
    %parti/s 8, 0, 2;
    %jmp/1 T_2.25, 8;
T_2.24 ; End of true expr.
    %load/vec4 v0xaaaaf1c3b830_0;
    %parti/s 8, 8, 5;
    %jmp/0 T_2.25, 8;
 ; End of false expr.
    %blend;
T_2.25;
    %assign/vec4 v0xaaaaf1c3b910_0, 0;
    %load/vec4 v0xaaaaf1c3b6b0_0;
    %pad/u 32;
    %cmpi/e 0, 0, 32;
    %jmp/0xz  T_2.26, 4;
    %pushi/vec4 1, 0, 1;
    %assign/vec4 v0xaaaaf1c3bfb0_0, 0;
    %load/vec4 v0xaaaaf1c3c5f0_0;
    %pad/u 32;
    %cmpi/e 159, 0, 32;
    %jmp/0xz  T_2.28, 4;
    %pushi/vec4 0, 0, 8;
    %assign/vec4 v0xaaaaf1c3c5f0_0, 0;
    %load/vec4 v0xaaaaf1c3c6d0_0;
    %pad/u 32;
    %cmpi/e 79, 0, 32;
    %jmp/0xz  T_2.30, 4;
    %pushi/vec4 0, 0, 7;
    %assign/vec4 v0xaaaaf1c3c6d0_0, 0;
    %jmp T_2.31;
T_2.30 ;
    %load/vec4 v0xaaaaf1c3c6d0_0;
    %addi 1, 0, 7;
    %assign/vec4 v0xaaaaf1c3c6d0_0, 0;
T_2.31 ;
    %jmp T_2.29;
T_2.28 ;
    %load/vec4 v0xaaaaf1c3c5f0_0;
    %addi 1, 0, 8;
    %assign/vec4 v0xaaaaf1c3c5f0_0, 0;
T_2.29 ;
T_2.26 ;
T_2.9 ;
    %jmp T_2.7;
T_2.6 ;
    %pushi/vec4 0, 0, 1;
    %assign/vec4 v0xaaaaf1c3bfb0_0, 0;
    %load/vec4 v0xaaaaf1c3bd10_0;
    %parti/s 1, 0, 2;
    %pad/u 32;
    %cmpi/e 0, 0, 32;
    %jmp/0xz  T_2.32, 4;
    %load/vec4 v0xaaaaf1c3b910_0;
    %parti/s 7, 0, 2;
    %concati/vec4 0, 0, 1;
    %assign/vec4 v0xaaaaf1c3b910_0, 0;
T_2.32 ;
T_2.7 ;
    %jmp T_2.5;
T_2.4 ;
    %pushi/vec4 0, 0, 1;
    %assign/vec4 v0xaaaaf1c3bc50_0, 0;
    %pushi/vec4 109, 0, 7;
    %ix/load 4, 4, 0;
    %ix/load 5, 0, 0;
    %flag_set/imm 4, 0;
    %assign/vec4/off/d v0xaaaaf1c3bd10_0, 4, 5;
T_2.5 ;
T_2.3 ;
T_2.1 ;
    %jmp T_2;
    .thread T_2;
    .scope S_0xaaaaf1c06270;
T_3 ;
    %delay 5, 0;
    %load/vec4 v0xaaaaf1c3d590_0;
    %pushi/vec4 0, 0, 1;
    %cmp/e;
    %flag_get/vec4 6;
    %store/vec4 v0xaaaaf1c3d590_0, 0, 1;
    %jmp T_3;
    .thread T_3;
    .scope S_0xaaaaf1c06270;
T_4 ;
    %vpi_call 2 9 "$dumpfile", "testbench.vcd" {0 0 0};
    %vpi_call 2 10 "$dumpvars", 32'sb00000000000000000000000000000000, S_0xaaaaf1c06270 {0 0 0};
    %pushi/vec4 6, 0, 32;
T_4.0 %dup/vec4;
    %pushi/vec4 0, 0, 32;
    %cmp/s;
    %jmp/1xz T_4.1, 5;
    %jmp/1 T_4.1, 4;
    %pushi/vec4 1, 0, 32;
    %sub;
    %pushi/vec4 5000, 0, 32;
T_4.2 %dup/vec4;
    %pushi/vec4 0, 0, 32;
    %cmp/s;
    %jmp/1xz T_4.3, 5;
    %jmp/1 T_4.3, 4;
    %pushi/vec4 1, 0, 32;
    %sub;
    %wait E_0xaaaaf1c0d320;
    %jmp T_4.2;
T_4.3 ;
    %pop/vec4 1;
    %vpi_call 2 14 "$display", "+50000 cycles" {0 0 0};
    %jmp T_4.0;
T_4.1 ;
    %pop/vec4 1;
    %vpi_call 2 16 "$finish" {0 0 0};
    %end;
    .thread T_4;
# The file index is used to find the file name in the following table.
:file_names 5;
    "N/A";
    "<interactive>";
    "tb.v";
    "top_checkered.v";
    "oled_video.v";
